  hiddenDesktop.cpp
c:\users\darkspider\source\repos\darkrat_hiddendesktop\client\hiddendesktop\hiddendesktop.cpp(2): warning C4081: expected 'identifier'; found '('
c:\users\darkspider\source\repos\darkrat_hiddendesktop\client\hiddendesktop\hiddendesktop.h(389): warning C4551: function call missing argument list
c:\users\darkspider\source\repos\darkrat_hiddendesktop\client\hiddendesktop\hiddendesktop.h(395): warning C4551: function call missing argument list
c:\users\darkspider\source\repos\darkrat_hiddendesktop\client\hiddendesktop\hiddendesktop.h(398): warning C4551: function call missing argument list
c:\users\darkspider\source\repos\darkrat_hiddendesktop\client\hiddendesktop\hiddendesktop.h(430): warning C4102: 'exit' : unreferenced label
LINK : warning LNK4098: defaultlib 'LIBCMT' conflicts with use of other libs; use /NODEFAULTLIB:library
libcpmtd.lib(xmbtowc.obj) : error LNK2001: unresolved external symbol __CrtDbgReportW
libcpmtd.lib(stdthrow.obj) : error LNK2019: unresolved external symbol __CrtDbgReportW referenced in function "void __cdecl std::_Debug_message(wchar_t const *,wchar_t const *,unsigned int)" (?_Debug_message@std@@YAXPB_W0I@Z)
libcpmtd.lib(cout.obj) : error LNK2001: unresolved external symbol __CrtDbgReportW
libcpmtd.lib(wlocale.obj) : error LNK2001: unresolved external symbol __CrtDbgReportW
libcpmtd.lib(xlocale.obj) : error LNK2001: unresolved external symbol __CrtDbgReportW
libcpmtd.lib(wlocale.obj) : error LNK2001: unresolved external symbol __free_dbg
libcpmtd.lib(xlocale.obj) : error LNK2001: unresolved external symbol __free_dbg
libcpmtd.lib(xwcsxfrm.obj) : error LNK2001: unresolved external symbol __free_dbg
libcpmtd.lib(cout.obj) : error LNK2019: unresolved external symbol __free_dbg referenced in function "private: void __thiscall std::_Yarn<char>::_Tidy(void)" (?_Tidy@?$_Yarn@D@std@@AAEXXZ)
libcpmtd.lib(locale0.obj) : error LNK2001: unresolved external symbol __free_dbg
libcpmtd.lib(xdebug.obj) : error LNK2001: unresolved external symbol __free_dbg
libcpmtd.lib(locale.obj) : error LNK2001: unresolved external symbol __free_dbg
libcpmtd.lib(_tolower.obj) : error LNK2019: unresolved external symbol __calloc_dbg referenced in function __Getctype
libcpmtd.lib(xlocale.obj) : error LNK2001: unresolved external symbol __malloc_dbg
libcpmtd.lib(xwcsxfrm.obj) : error LNK2001: unresolved external symbol __malloc_dbg
libcpmtd.lib(locale0.obj) : error LNK2019: unresolved external symbol __malloc_dbg referenced in function "public: class std::_Yarn<char> & __thiscall std::_Yarn<char>::operator=(char const *)" (??4?$_Yarn@D@std@@QAEAAV01@PBD@Z)
libcpmtd.lib(xdebug.obj) : error LNK2001: unresolved external symbol __malloc_dbg
libcpmtd.lib(locale.obj) : error LNK2001: unresolved external symbol __malloc_dbg
libcpmtd.lib(wlocale.obj) : error LNK2001: unresolved external symbol __malloc_dbg
libcpmtd.lib(locale.obj) : error LNK2019: unresolved external symbol __realloc_dbg referenced in function "private: static void __cdecl std::locale::_Locimp::_Locimp_Addfac(class std::locale::_Locimp *,class std::locale::facet *,unsigned int)" (?_Locimp_Addfac@_Locimp@locale@std@@CAXPAV123@PAVfacet@23@I@Z)
C:\Users\darkspider\source\repos\darkrat_hiddendesktop\Debug\Client.exe : fatal error LNK1120: 5 unresolved externals
