C:\USERS\DARKSPIDER\SOURCE\REPOS\HIDDENDESKTOP\HIDDENDESKTOP\DEBUG\HIDDENDESKTOP.OBJ
C:\USERS\DARKSPIDER\SOURCE\REPOS\HIDDENDESKTOP\HIDDENDESKTOP\DEBUG\VC110.PDB
C:\USERS\DARKSPIDER\SOURCE\REPOS\HIDDENDESKTOP\DEBUG\HIDDENDESKTOP.ILK
C:\USERS\DARKSPIDER\SOURCE\REPOS\HIDDENDESKTOP\DEBUG\HIDDENDESKTOP.EXE
C:\USERS\DARKSPIDER\SOURCE\REPOS\HIDDENDESKTOP\DEBUG\HIDDENDESKTOP.PDB
C:\Users\darkspider\source\repos\hiddenDesktop\hiddenDesktop\Debug\hiddenDesktop.obj
C:\Users\darkspider\source\repos\hiddenDesktop\hiddenDesktop\Debug\cl.command.1.tlog
C:\Users\darkspider\source\repos\hiddenDesktop\hiddenDesktop\Debug\CL.read.1.tlog
C:\Users\darkspider\source\repos\hiddenDesktop\hiddenDesktop\Debug\CL.write.1.tlog
C:\Users\darkspider\source\repos\hiddenDesktop\hiddenDesktop\Debug\link-cvtres.read.1.tlog
C:\Users\darkspider\source\repos\hiddenDesktop\hiddenDesktop\Debug\link-cvtres.write.1.tlog
C:\Users\darkspider\source\repos\hiddenDesktop\hiddenDesktop\Debug\link-rc.read.1.tlog
C:\Users\darkspider\source\repos\hiddenDesktop\hiddenDesktop\Debug\link-rc.write.1.tlog
C:\Users\darkspider\source\repos\hiddenDesktop\hiddenDesktop\Debug\link.15968-cvtres.read.1.tlog
C:\Users\darkspider\source\repos\hiddenDesktop\hiddenDesktop\Debug\link.15968-cvtres.write.1.tlog
C:\Users\darkspider\source\repos\hiddenDesktop\hiddenDesktop\Debug\link.15968-rc.read.1.tlog
C:\Users\darkspider\source\repos\hiddenDesktop\hiddenDesktop\Debug\link.15968-rc.write.1.tlog
C:\Users\darkspider\source\repos\hiddenDesktop\hiddenDesktop\Debug\link.15968.read.1.tlog
C:\Users\darkspider\source\repos\hiddenDesktop\hiddenDesktop\Debug\link.15968.write.1.tlog
C:\Users\darkspider\source\repos\hiddenDesktop\hiddenDesktop\Debug\link.command.1.tlog
C:\Users\darkspider\source\repos\hiddenDesktop\hiddenDesktop\Debug\link.read.1.tlog
C:\Users\darkspider\source\repos\hiddenDesktop\hiddenDesktop\Debug\link.write.1.tlog
C:\Users\darkspider\source\repos\hiddenDesktop\hiddenDesktop\Debug\vc110.idb
C:\Users\darkspider\source\repos\hiddenDesktop\hiddenDesktop\Debug\vc110.pdb
C:\Users\darkspider\source\repos\hiddenDesktop\Debug\hiddenDesktop.pdb
C:\Users\darkspider\source\repos\hiddenDesktop\Debug\hiddenDesktop.exe
C:\Users\darkspider\source\repos\hiddenDesktop\Debug\hiddenDesktop.ilk
